[2017-09-26 15:52:15,174: INFO/MainProcess] Connected to amqp://guest:**@localhost:5672//
[2017-09-26 15:52:15,189: INFO/MainProcess] mingle: searching for neighbors
[2017-09-26 15:52:16,213: INFO/MainProcess] mingle: all alone
[2017-09-26 15:52:16,259: WARNING/MainProcess] /home/ubuntu/.pyenv/versions/2.7.13/envs/hfa/lib/python2.7/site-packages/kombu/pidbox.py:75: UserWarning: A node named celery@ubuntu-xenial is already using this process mailbox!

Maybe you forgot to shutdown the other node or did not do so properly?
Or if you meant to start multiple nodes on the same host please make sure
you give each node a unique node name!

  warnings.warn(W_PIDBOX_IN_USE.format(node=self))
[2017-09-26 15:52:16,271: WARNING/MainProcess] celery@ubuntu-xenial ready.
[2017-09-26 15:52:25,461: INFO/MainProcess] Received task: celery_producer.tasks.add[c76f7743-7e03-4204-90c7-288a8a0f93c9]
[2017-09-26 15:52:25,464: INFO/MainProcess] Task celery_producer.tasks.add[c76f7743-7e03-4204-90c7-288a8a0f93c9] succeeded in 0.00167831599992s: 7
[2017-09-26 15:53:04,398: INFO/MainProcess] Connected to amqp://guest:**@localhost:5672//
[2017-09-26 15:53:04,407: INFO/MainProcess] mingle: searching for neighbors
[2017-09-26 15:53:05,432: INFO/MainProcess] mingle: all alone
[2017-09-26 15:53:05,456: WARNING/MainProcess] /home/ubuntu/.pyenv/versions/2.7.13/envs/hfa/lib/python2.7/site-packages/kombu/pidbox.py:75: UserWarning: A node named celery@ubuntu-xenial is already using this process mailbox!

Maybe you forgot to shutdown the other node or did not do so properly?
Or if you meant to start multiple nodes on the same host please make sure
you give each node a unique node name!

  warnings.warn(W_PIDBOX_IN_USE.format(node=self))
[2017-09-26 15:53:05,461: WARNING/MainProcess] celery@ubuntu-xenial ready.
[2017-09-26 15:53:14,611: INFO/MainProcess] Received task: celery_producer.tasks.add[0973a007-cd55-498c-ad2e-e2787d25f08c]
[2017-09-26 15:53:14,614: INFO/MainProcess] Task celery_producer.tasks.add[0973a007-cd55-498c-ad2e-e2787d25f08c] succeeded in 0.00181376499995s: 7
